2026-02-15 17:02:23,217 - db_helper - INFO - fetch_expense_for_date called with 2024-08-01
2026-02-15 17:03:13,825 - db_helper - INFO - delete_expense_for_date called with 2024-08-28
2026-02-15 17:03:13,848 - db_helper - INFO - insert_expense called with date : 2024-08-28, amount : 1221.0,category : Shopping,notes : benz car
2026-02-17 13:39:13,818 - db_helper - INFO - fetch_expense_for_date called with 2024-08-01
2026-02-17 13:40:22,528 - db_helper - INFO - fetch_expense_for_date called with 2024-08-01
2026-02-17 13:41:00,693 - db_helper - INFO - fetch_expense_for_date called with 2024-08-02
2026-02-17 13:41:05,777 - db_helper - INFO - fetch_expense_for_date called with 2024-08-03
2026-02-17 13:41:09,835 - db_helper - INFO - fetch_expense_for_date called with 2024-08-01
2026-02-17 13:49:21,206 - db_helper - INFO - fetch_expense_for_date called with 2024-08-01
2026-02-17 13:50:58,259 - db_helper - INFO - fetch_expense_for_date called with 2024-08-01
2026-02-17 13:51:39,629 - db_helper - INFO - fetch_expense_for_date called with 2024-08-01
2026-02-17 13:52:03,373 - db_helper - INFO - fetch_expense_for_date called with 2024-08-01
2026-02-17 13:53:02,771 - db_helper - INFO - fetch_expense_for_date called with 2024-08-01
2026-02-17 13:56:05,541 - db_helper - INFO - fetch_expense_for_date called with 2024-08-01
2026-02-17 13:57:06,268 - db_helper - INFO - fetch_expense_for_date called with 2024-08-01
2026-02-17 15:23:13,262 - db_helper - INFO - fetch_expense_for_date called with 2024-08-01
2026-02-17 15:25:19,568 - db_helper - INFO - fetch_expense_for_date called with 2024-08-01
2026-02-17 15:26:07,521 - db_helper - INFO - fetch_expense_for_date called with 2024-08-01
2026-02-17 15:26:11,481 - db_helper - INFO - fetch_expense_for_date called with 2024-08-02
2026-02-17 15:26:17,185 - db_helper - INFO - fetch_expense_for_date called with 2024-08-03
2026-02-17 15:26:21,476 - db_helper - INFO - fetch_expense_for_date called with 2024-08-04
2026-02-17 15:26:25,420 - db_helper - INFO - fetch_expense_for_date called with 2024-08-10
2026-02-17 15:26:26,924 - db_helper - INFO - fetch_expense_for_date called with 2024-08-01
2026-02-17 15:26:33,201 - db_helper - INFO - fetch_expense_for_date called with 2024-08-02
2026-02-17 15:27:09,921 - db_helper - INFO - fetch_expense_for_date called with 2024-08-01
2026-02-17 15:27:31,993 - db_helper - INFO - fetch_expense_for_date called with 2024-08-02
2026-02-17 15:27:52,322 - db_helper - INFO - fetch_expense_for_date called with 2024-08-03
2026-02-17 15:27:57,776 - db_helper - INFO - fetch_expense_for_date called with 2024-08-01
2026-02-17 15:28:16,515 - db_helper - INFO - fetch_expense_for_date called with 2024-08-01
2026-02-17 15:28:20,503 - db_helper - INFO - fetch_expense_for_date called with 2024-08-02
2026-02-17 15:28:29,234 - db_helper - INFO - fetch_expense_for_date called with 2024-08-02
2026-02-17 15:36:00,374 - db_helper - INFO - fetch_expense_for_date called with 2024-08-02
2026-02-17 15:36:06,669 - db_helper - INFO - fetch_expense_for_date called with 2024-08-01
2026-02-17 15:36:11,360 - db_helper - INFO - fetch_expense_for_date called with 2024-08-02
2026-02-17 15:36:22,608 - db_helper - INFO - fetch_expense_for_date called with 2024-08-01
2026-02-17 15:36:28,049 - db_helper - INFO - fetch_expense_for_date called with 2024-08-02
2026-02-17 15:37:25,179 - db_helper - INFO - fetch_expense_for_date called with 2024-08-02
2026-02-17 15:37:30,382 - db_helper - INFO - fetch_expense_for_date called with 2024-08-01
2026-02-17 15:37:36,349 - db_helper - INFO - fetch_expense_for_date called with 2024-08-02
2026-02-17 15:39:55,578 - db_helper - INFO - fetch_expense_for_date called with 2024-08-02
2026-02-17 15:40:00,508 - db_helper - INFO - fetch_expense_for_date called with 2024-08-08
2026-02-17 15:40:02,284 - db_helper - INFO - fetch_expense_for_date called with 2024-08-01
2026-02-17 15:40:08,535 - db_helper - INFO - fetch_expense_for_date called with 2024-08-02
2026-02-17 15:41:23,130 - db_helper - INFO - fetch_expense_for_date called with 2024-08-01
2026-02-17 15:41:50,468 - db_helper - INFO - fetch_expense_for_date called with 2024-08-02
2026-02-17 15:41:59,846 - db_helper - INFO - fetch_expense_for_date called with 2024-08-01
2026-02-17 15:43:57,669 - db_helper - INFO - fetch_expense_for_date called with 2024-08-01
2026-02-17 15:47:36,200 - db_helper - INFO - fetch_expense_for_date called with 2024-08-02
2026-02-17 15:47:49,970 - db_helper - INFO - fetch_expense_for_date called with 2024-08-01
2026-02-17 15:47:52,732 - db_helper - INFO - fetch_expense_for_date called with 2024-08-02
2026-02-17 15:49:25,396 - db_helper - INFO - fetch_expense_for_date called with 2024-08-01
2026-02-17 15:49:28,859 - db_helper - INFO - fetch_expense_for_date called with 2024-08-02
2026-02-17 15:49:42,005 - db_helper - INFO - fetch_expense_for_date called with 2024-08-01
2026-02-17 15:49:55,219 - db_helper - INFO - fetch_expense_for_date called with 2024-08-02
2026-02-17 15:50:56,704 - db_helper - INFO - fetch_expense_for_date called with 2024-08-02
2026-02-17 15:51:19,133 - db_helper - INFO - fetch_expense_for_date called with 2024-08-01
2026-02-17 15:52:31,960 - db_helper - INFO - fetch_expense_for_date called with 2024-08-01
2026-02-17 15:52:38,564 - db_helper - INFO - fetch_expense_for_date called with 2024-08-02
2026-02-17 15:52:44,045 - db_helper - INFO - fetch_expense_for_date called with 2024-08-01
2026-02-17 15:52:50,496 - db_helper - INFO - fetch_expense_for_date called with 2024-08-02
2026-02-17 15:53:44,436 - db_helper - INFO - fetch_expense_for_date called with 2024-08-01
2026-02-17 15:53:48,462 - db_helper - INFO - fetch_expense_for_date called with 2024-08-03
2026-02-17 17:24:50,271 - db_helper - INFO - fetch_expense_for_date called with 2024-08-08
2026-02-17 17:24:58,708 - db_helper - INFO - fetch_expense_for_date called with 2024-08-04
2026-02-17 17:26:48,100 - db_helper - INFO - fetch_expense_for_date called with 2024-08-01
2026-02-17 17:27:48,543 - db_helper - INFO - fetch_expense_for_date called with 2024-08-01
2026-02-17 17:37:00,925 - db_helper - INFO - fetch_expense_for_date called with 2024-08-07
2026-02-17 17:38:08,931 - db_helper - INFO - delete_expense_for_date called with 2024-08-07
2026-02-17 17:38:08,958 - db_helper - INFO - insert_expense called with date : 2024-08-07, amount : 20.0,category : Food,notes : coca cola
2026-02-17 17:38:09,004 - db_helper - INFO - insert_expense called with date : 2024-08-07, amount : 250.0,category : Entertainment,notes : dhurender movie
2026-02-17 17:38:13,915 - db_helper - INFO - delete_expense_for_date called with 2024-08-07
2026-02-17 17:38:13,970 - db_helper - INFO - insert_expense called with date : 2024-08-07, amount : 20.0,category : Food,notes : coca cola
2026-02-17 17:38:13,997 - db_helper - INFO - insert_expense called with date : 2024-08-07, amount : 250.0,category : Entertainment,notes : dhurender movie
2026-02-17 17:41:05,704 - db_helper - INFO - fetch_expense_for_date called with 2024-08-08
2026-02-17 17:41:19,409 - db_helper - INFO - delete_expense_for_date called with 2024-08-08
2026-02-17 17:41:19,423 - db_helper - INFO - insert_expense called with date : 2024-08-08, amount : 1000.0,category : Shopping,notes : cloths
2026-02-17 17:42:23,462 - db_helper - INFO - fetch_expense_for_date called with 2024-08-01
2026-02-17 17:42:30,662 - db_helper - INFO - fetch_expense_for_date called with 2024-08-08
2026-02-17 17:42:34,824 - db_helper - INFO - delete_expense_for_date called with 2024-08-08
2026-02-17 17:42:34,860 - db_helper - INFO - insert_expense called with date : 2024-08-08, amount : 1000.0,category : Shopping,notes : cloths
2026-02-17 17:44:20,159 - db_helper - INFO - delete_expense_for_date called with 2024-08-08
2026-02-17 17:44:20,186 - db_helper - INFO - insert_expense called with date : 2024-08-08, amount : 1000.0,category : Shopping,notes : cloths
2026-02-17 21:23:53,320 - db_helper - INFO - fetch_expense_for_date called with 2024-08-01
2026-02-17 21:23:58,197 - db_helper - INFO - fetch_expense_for_date called with 2024-08-02
2026-02-17 21:25:42,896 - db_helper - INFO - fetch_expense_summary called with start : 2024-08-01, end : 2024-08-05
2026-02-17 21:36:38,725 - db_helper - INFO - fetch_expense_summary called with start : 2024-08-01, end : 2024-08-05
2026-02-18 23:18:53,021 - db_helper - INFO - fetch_expense_for_date called with 2024-08-01
2026-02-18 23:27:06,378 - db_helper - INFO - fetch_expense_summary called with start : 2024-08-01, end : 2024-08-05
2026-02-18 23:33:50,966 - db_helper - INFO - fetch_expense_summary called with start : 2024-08-01, end : 2024-08-05
2026-02-18 23:35:15,272 - db_helper - INFO - fetch_expense_summary called with start : 2024-08-01, end : 2024-08-05
2026-02-18 23:39:17,685 - db_helper - INFO - fetch_expense_summary called with start : 2024-08-01, end : 2024-08-05
2026-02-18 23:41:48,595 - db_helper - INFO - fetch_expense_summary called with start : 2024-08-01, end : 2024-08-05
2026-02-18 23:42:39,468 - db_helper - INFO - fetch_expense_summary called with start : 2024-08-01, end : 2024-08-05
2026-02-19 23:24:06,712 - db_helper - INFO - fetch_expense_for_date called with 2024-08-02
2026-02-19 23:24:39,643 - db_helper - INFO - fetch_expense_by_month called
2026-02-19 23:25:01,482 - db_helper - INFO - fetch_expense_summary called with start : 2024-08-01, end : 2024-08-05
2026-02-19 23:25:05,545 - db_helper - INFO - fetch_expense_summary called with start : 2024-08-01, end : 2024-08-05
2026-02-19 23:34:00,896 - db_helper - INFO - fetch_expense_for_date called with 2024-08-01
2026-02-19 23:36:15,126 - db_helper - INFO - fetch_expense_by_month called
2026-02-19 23:36:55,229 - db_helper - INFO - fetch_expense_by_month called
2026-02-19 23:40:39,541 - db_helper - INFO - fetch_expense_by_month called
2026-02-19 23:41:02,801 - db_helper - INFO - fetch_expense_by_month called
2026-02-19 23:41:24,372 - db_helper - INFO - fetch_expense_by_month called
2026-02-19 23:42:59,424 - db_helper - INFO - fetch_expense_by_month called
2026-02-19 23:45:31,878 - db_helper - INFO - fetch_expense_by_month called
2026-02-20 00:17:11,845 - db_helper - INFO - fetch_expense_for_date called with 2024-08-01
2026-02-20 00:17:13,997 - db_helper - INFO - fetch_expense_by_month called
2026-02-20 00:19:09,628 - db_helper - INFO - fetch_expense_by_month called
2026-02-20 00:19:43,095 - db_helper - INFO - fetch_expense_by_month called
2026-02-20 00:22:04,329 - db_helper - INFO - fetch_expense_for_date called with 2024-08-01
2026-02-20 00:22:06,424 - db_helper - INFO - fetch_expense_by_month called
2026-02-20 00:23:49,822 - db_helper - INFO - fetch_expense_by_month called
2026-02-20 00:24:11,293 - db_helper - INFO - fetch_expense_summary called with start : 2024-08-01, end : 2024-08-05
2026-02-20 00:24:20,407 - db_helper - INFO - fetch_expense_by_month called
2026-02-20 00:24:35,171 - db_helper - INFO - fetch_expense_for_date called with 2024-08-02
2026-02-20 00:24:39,202 - db_helper - INFO - delete_expense_for_date called with 2024-08-02
2026-02-20 00:24:39,257 - db_helper - INFO - insert_expense called with date : 2024-08-02, amount : 50.0,category : Entertainment,notes : Movie tickets
2026-02-20 00:24:39,284 - db_helper - INFO - insert_expense called with date : 2024-08-02, amount : 150.0,category : Shopping,notes : New shoes
2026-02-20 00:24:39,304 - db_helper - INFO - insert_expense called with date : 2024-08-02, amount : 400.0,category : Food,notes : Groceries for the week
2026-02-20 00:24:39,324 - db_helper - INFO - insert_expense called with date : 2024-08-02, amount : 80.0,category : Entertainment,notes : Concert tickets
2026-02-20 00:24:39,347 - db_helper - INFO - insert_expense called with date : 2024-08-02, amount : 100.0,category : Shopping,notes : Clothes
2026-02-20 00:24:45,410 - db_helper - INFO - fetch_expense_by_month called
2026-02-20 09:15:58,058 - db_helper - INFO - fetch_expense_for_date called with 2024-08-02
2026-02-20 09:16:00,145 - db_helper - INFO - fetch_expense_summary called with start : 2024-08-01, end : 2024-08-05
2026-02-20 09:16:17,382 - db_helper - INFO - fetch_expense_summary called with start : 2024-08-01, end : 2024-10-31
2026-02-20 09:16:31,812 - db_helper - INFO - fetch_expense_by_month called
2026-02-20 22:23:05,862 - db_helper - INFO - fetch_expense_for_date called with 2024-08-01
